make all --print-data-base --no-builtin-variables --no-builtin-rules --question
# GNU Make 4.2.1
# Built for x86_64-pc-linux-gnu
# Copyright (C) 1988-2016 Free Software Foundation, Inc.
# License GPLv3+: GNU GPL version 3 or later <http://gnu.org/licenses/gpl.html>
# This is free software: you are free to change and redistribute it.
# There is NO WARRANTY, to the extent permitted by law.

# Make data base, printed on Fri Jun 24 14:52:24 2022

# Variables
 

# 'override' directive
GNUMAKEFLAGS := 
# automatic
<D = $(patsubst %/,%,$(dir $<))
# automatic
?F = $(notdir $?)
# environment
MVN_HOME = /opt/apache-maven-3.6.3
# environment
DESKTOP_SESSION = ubuntu
# default
.SHELLFLAGS := -c
# environment
XDG_SESSION_CLASS = user
# environment
SNAP_COMMON = /var/snap/code/common
# environment
GLASSFISH_HOME = /home/glassfish
# environment
XDG_SESSION_TYPE = x11
# environment
VSCODE_LOG_NATIVE = false
# makefile (from 'makefile', line 7)
TARGET = diced
# automatic
?D = $(patsubst %/,%,$(dir $?))
# environment
IM_CONFIG_PHASE = 1
# automatic
@D = $(patsubst %/,%,$(dir $@))
# environment
XAUTHORITY = /run/user/42238/gdm/Xauthority
# environment
GDMSESSION = ubuntu
# environment
XMODIFIERS = @im=ibus
# makefile
CURDIR := /home/2020.1.08.036/Desktop/primos
# makefile
SHELL = /bin/sh
# environment
SNAP_DATA = /var/snap/code/99
# environment
VSCODE_NLS_CONFIG = {"locale":"en-us","availableLanguages":{},"_languagePackSupport":true}
# environment
JOURNAL_STREAM = 8:49388
# environment
XDG_CONFIG_DIRS = /etc/xdg/xdg-ubuntu:/etc/xdg
# environment
SNAP_INSTANCE_NAME = code
# environment
SNAP_ARCH = amd64
# makefile (from 'makefile', line 1)
MAKEFILE_LIST :=  makefile
# environment
JAVA_HOME = /usr/lib/jvm/java-11-openjdk-amd64
# automatic
@F = $(notdir $@)
# environment
GIO_LAUNCHED_DESKTOP_FILE = /var/lib/snapd/desktop/applications/code_code.desktop
# environment
USERNAME = 2020.1.08.036
# makefile (from 'makefile', line 5)
SOURCES = $(wildcard *.c)
# environment
MAKELEVEL := 0
# environment
MANDATORY_PATH = /usr/share/gconf/ubuntu.mandatory.path
# environment
XDG_DATA_DIRS = /usr/share/ubuntu:/usr/local/share/:/usr/share/:/var/lib/snapd/desktop
# environment
DBUS_SESSION_BUS_ADDRESS = unix:path=/run/user/42238/bus
# environment
VSCODE_VERBOSE_LOGGING = true
# environment
_ = /snap/code/99/usr/share/code/code
# environment
LC_CTYPE = pt_BR.UTF-8
# environment
MANAGERPID = 1774
# environment
LESSOPEN = | /usr/bin/lesspipe %s
# environment
LC_NAME = pt_BR.UTF-8
# environment
VSCODE_CWD = /home/2020.1.08.036
# environment
GSETTINGS_SCHEMA_DIR = /snap/code/99/usr/share/glib-2.0/schemas
# default
MAKE_HOST := x86_64-pc-linux-gnu
# environment
PATH = /usr/local/sbin:/usr/local/bin:/usr/sbin:/usr/bin:/sbin:/bin:/usr/games:/usr/local/games:/snap/bin:/usr/lib/jvm/java-11-openjdk-amd64/bin:/home/glassfish/bin:/opt/apache-maven-3.6.3/bin:/opt/idea-IC-213.7172.25/bin:/opt/idea-IU-213.7172.25/bin:/usr/lib/jvm/java-11-openjdk-amd64/bin:/home/glassfish/bin:/opt/apache-maven-3.6.3/bin:/opt/idea-IC-213.7172.25/bin:/opt/idea-IU-213.7172.25/bin:/usr/lib/jvm/java-11-openjdk-amd64/bin:/home/glassfish/bin:/opt/apache-maven-3.6.3/bin:/opt/idea-IC-213.7172.25/bin:/opt/idea-IU-213.7172.25/bin
# environment
GPG_AGENT_INFO = /run/user/42238/gnupg/S.gpg-agent:0:1
# environment
SESSION_MANAGER = local/bcc-p135300:@/tmp/.ICE-unix/1997,unix/bcc-p135300:/tmp/.ICE-unix/1997
# environment
XDG_RUNTIME_DIR = /run/user/42238
# environment
GDK_PIXBUF_MODULE_FILE = /home/2020.1.08.036/snap/code/common/.cache/gdk-pixbuf-loaders.cache
# environment
SNAP = /snap/code/99
# environment
SNAP_VERSION = 30d9c6cd
# makefile (from 'makefile', line 3)
CCFLAGS = -g
# environment
XDG_MENU_PREFIX = gnome-
# environment
VSCODE_LOG_STACK = false
# environment
DISABLE_WAYLAND = 1
# environment
ELECTRON_RUN_AS_NODE = 1
# environment
INVOCATION_ID = 563cfbd09a6746908ea3cce9cf0e14b6
# makefile (from 'makefile', line 4)
LDFLAGS = -lm
# environment
GDK_PIXBUF_MODULEDIR = /snap/code/99/usr/lib/x86_64-linux-gnu/gdk-pixbuf-2.0/2.10.0/loaders
# default
.FEATURES := target-specific order-only second-expansion else-if shortest-stem undefine oneshell archives jobserver output-sync check-symlink load
# environment
LS_COLORS = 
# environment
XDG_SESSION_DESKTOP = ubuntu
# environment
SSH_AUTH_SOCK = /run/user/42238/keyring/ssh
# environment
GIO_LAUNCHED_DESKTOP_FILE_PID = 3286
# environment
JDK_HOME = /usr/lib/jvm/java-11-openjdk-amd64
# automatic
%F = $(notdir $%)
# environment
DISPLAY = :0
# environment
IDEAIU_HOME = /opt/idea-IU-213.7172.25
# environment
VSCODE_PIPE_LOGGING = true
# environment
SNAP_INSTANCE_KEY = 
# environment
PWD = /home/2020.1.08.036/Desktop/primos
# default
.LOADED := 
# environment
SSH_AGENT_PID = 1959
# environment
ORIGINAL_XDG_CURRENT_DESKTOP = ubuntu:GNOME
# environment
GTK_MODULES = gail:atk-bridge
# environment
VSCODE_AMD_ENTRYPOINT = vs/workbench/api/node/extensionHostProcess
# environment
HOME = /home/2020.1.08.036
# environment
LESSCLOSE = /usr/bin/lesspipe %s %s
# environment
VSCODE_CLI = 1
# environment
VSCODE_CODE_CACHE_PATH = /home/2020.1.08.036/.config/Code/CachedData/30d9c6cd9483b2cc586687151bcbcd635f373630
# environment
LOGNAME = 2020.1.08.036
# environment
APPLICATION_INSIGHTS_NO_DIAGNOSTIC_CHANNEL = 1
# environment
SNAP_LIBRARY_PATH = /var/lib/snapd/lib/gl:/var/lib/snapd/lib/gl32:/var/lib/snapd/void
# environment
SNAP_CONTEXT = QsldgZkYd7-JKqo1ZvWHw-lF5RBjLeQve-458waUi7T2idMkiRAB
# automatic
+F = $(notdir $+)
# environment
ELECTRON_NO_ATTACH_CONSOLE = 1
# environment
SNAP_USER_COMMON = /home/2020.1.08.036/snap/code/common
# environment
VSCODE_HANDLES_UNCAUGHT_ERRORS = true
# environment
GNOME_DESKTOP_SESSION_ID = this-is-deprecated
# automatic
^D = $(patsubst %/,%,$(dir $^))
# environment
LC_TIME = pt_BR.UTF-8
# environment
SNAP_REAL_HOME = /home/2020.1.08.036
# default
MAKE = $(MAKE_COMMAND)
# default
MAKECMDGOALS := all
# environment
QT_IM_MODULE = ibus
# environment
SNAP_USER_DATA = /home/2020.1.08.036/snap/code/99
# environment
SHLVL = 0
# makefile (from 'makefile', line 1)
CC = gcc
# environment
GNOME_SHELL_SESSION_MODE = ubuntu
# environment
VSCODE_IPC_HOOK_EXTHOST = /run/user/42238/vscode-ipc-7f54b699-c123-4fbb-8bc8-6e485b690f5c.sock
# default
MAKE_VERSION := 4.2.1
# environment
USER = 2020.1.08.036
# environment
SNAP_REVISION = 99
# environment
LC_MONETARY = pt_BR.UTF-8
# makefile
.DEFAULT_GOAL := all
# environment
XDG_CURRENT_DESKTOP = Unity
# environment
IDEA_HOME = /opt/idea-IC-213.7172.25
# automatic
%D = $(patsubst %/,%,$(dir $%))
# environment
LC_TELEPHONE = pt_BR.UTF-8
# default
MAKE_COMMAND := make
# default
.VARIABLES := 
# automatic
*F = $(notdir $*)
# environment
VSCODE_IPC_HOOK = /run/user/42238/vscode-4f451fdd-1.68.1-main.sock
# environment
BAMF_DESKTOP_FILE_HINT = /var/lib/snapd/desktop/applications/code_code.desktop
# makefile
MAKEFLAGS = pqrR
# environment
MFLAGS = -pqrR
# automatic
*D = $(patsubst %/,%,$(dir $*))
# automatic
+D = $(patsubst %/,%,$(dir $+))
# environment
GDK_BACKEND = x11
 
# environment
LC_PAPER = pt_BR.UTF-8
# environment
LC_IDENTIFICATION = pt_BR.UTF-8
# environment
QT_ACCESSIBILITY = 1
# environment
DEFAULTS_PATH = /usr/share/gconf/ubuntu.default.path
# default
MAKEFILES := 
# environment
SNAP_COOKIE = QsldgZkYd7-JKqo1ZvWHw-lF5RBjLeQve-458waUi7T2idMkiRAB
# environment
LC_NUMERIC = pt_BR.UTF-8
# automatic
<F = $(notdir $<)
# environment
LC_MEASUREMENT = pt_BR.UTF-8
# environment
SNAP_NAME = code
# environment
LC_ALL = C
# environment
GJS_DEBUG_TOPICS = JS ERROR;JS LOG
# automatic
^F = $(notdir $^)
# default
SUFFIXES := 
# environment
SNAP_REEXEC = 
# environment
CHROME_DESKTOP = code-url-handler.desktop
# environment
WINDOWPATH = 2
# default
.INCLUDE_DIRS = /usr/include /usr/local/include /usr/include
# environment
GJS_DEBUG_OUTPUT = stderr
# default
.RECIPEPREFIX := 
# makefile (from 'makefile', line 6)
OBJECTS = $(SOURCES:.c=.o)
# environment
AS_JAVA = /usr/lib/jvm/java-11-openjdk-amd64/
# environment
LC_ADDRESS = pt_BR.UTF-8
# environment
LANG = C
# environment
VSCODE_PID = 3346
# variable set hash-table stats:
# Load=145/1024=14%, Rehash=0, Collisions=29/179=16%

# Pattern-specific Variable Values

# No pattern-specific variable values.

# Directories

# . (device 2053, inode 1839821): 11 files, no impossibilities.

# 11 files, no impossibilities in 1 directories.

# Implicit Rules

%.o: %.c %.h
#  recipe to execute (from 'makefile', line 14):
	\
    $(CC) $(CCFLAGS) -c $<

%.o: %.c
#  recipe to execute (from 'makefile', line 17):
	\
    $(CC) $(CCFLAGS) -c $<

# 2 implicit rules, 0 (0.0%) terminal.

# Files

dice.o: dice.c
#  Implicit rule search has been done.
#  Implicit/static pattern stem: 'dice'
#  File does not exist.
#  File has been updated.
#  Needs to be updated (-q is set).
# automatic
# @ := dice.o
# automatic
# % := 
# automatic
# * := dice
# automatic
# + := dice.c
# automatic
# | := 
# automatic
# < := dice.c
# automatic
# ^ := dice.c
# automatic
# ? := dice.c
# variable set hash-table stats:
# Load=8/32=25%, Rehash=0, Collisions=1/14=7%
#  recipe to execute (from 'makefile', line 17):
	\
    $(CC) $(CCFLAGS) -c $<

# Not a target:
imagelib.o:
#  Implicit rule search has not been done.
#  Modification time never checked.
#  File has not been updated.

all: diced
#  Command line target.
#  Implicit rule search has been done.
#  File does not exist.
#  File has been updated.
 
#  Needs to be updated (-q is set).
# variable set hash-table stats:
# Load=0/32=0%, Rehash=0, Collisions=0/5=0%

# Not a target:
makefile:
#  Implicit rule search has been done.
#  Last modified 2022-06-24 14:51:51.135485514
#  File has been updated.
#  Successfully updated.

# Not a target:
dice.c:
#  Implicit rule search has been done.
#  Last modified 2022-06-24 14:51:51.135485514
#  File has been updated.
#  Successfully updated.

diced: dice.o imagelib.o
#  Implicit rule search has not been done.
#  File does not exist.
#  File has been updated.
#  Needs to be updated (-q is set).
# variable set hash-table stats:
# Load=0/32=0%, Rehash=0, Collisions=0/5=0%
#  recipe to execute (from 'makefile', line 11):
	\
    $(CC) -g -o $@ $^ $(LDFLAGS) 

# Not a target:
.DEFAULT:
#  Implicit rule search has not been done.
#  Modification time never checked.
#  File has not been updated.

clean:
#  Implicit rule search has not been done.
#  Modification time never checked.
#  File has not been updated.
#  recipe to execute (from 'makefile', line 20):
	\
    rm -f *.o *-result.p*m $(TARGET);\


# files hash-table stats:
# Load=9/1024=1%, Rehash=0, Collisions=0/29=0%
# VPATH Search Paths

# No 'vpath' search paths.

# No general ('VPATH' variable) search path.

# strcache buffers: 1 (0) / strings = 25 / storage = 213 B / avg = 8 B
# current buf: size = 8162 B / used = 213 B / count = 25 / avg = 8 B

# strcache performance: lookups = 39 / hit rate = 35%
# hash-table stats:
# Load=25/8192=0%, Rehash=0, Collisions=1/39=3%
# Finished Make data base on Fri Jun 24 14:52:24 2022

 
